<?xml version="1.0" encoding="UTF-8"?>
<!-- Generated by org.testng.reporters.JUnitXMLReporter -->
<testsuite hostname="Shweta" name="ChromeTest" tests="1" failures="1" timestamp="23 Oct 2016 21:54:33 GMT" time="2.523" errors="0">
  <testcase name="testParameterWithXML" time="0.013" classname="automationFramework.Apache_POI_TC">
    <failure type="java.io.FileNotFoundException" message="C:\Selenium\Workspace\Online_Store\src\testData\TestData.xlsx (The system cannot find the path specified)">
      <![CDATA[java.io.FileNotFoundException: C:\Selenium\Workspace\Online_Store\src\testData\TestData.xlsx (The system cannot find the path specified)
	at java.io.FileInputStream.open0(Native Method)
	at java.io.FileInputStream.open(FileInputStream.java:195)
	at java.io.FileInputStream.<init>(FileInputStream.java:138)
	at java.io.FileInputStream.<init>(FileInputStream.java:93)
	at utility.ExcelUtils.setExcelFile(ExcelUtils.java:25)
	at automationFramework.Apache_POI_TC.testParameterWithXML(Apache_POI_TC.java:92)
	at java.util.concurrent.FutureTask.run(FutureTask.java:266)
	at java.util.concurrent.ThreadPoolExecutor.runWorker(ThreadPoolExecutor.java:1142)
	at java.util.concurrent.ThreadPoolExecutor$Worker.run(ThreadPoolExecutor.java:617)
	at java.lang.Thread.run(Thread.java:745)
... Removed 16 stack frames]]>
    </failure>
  </testcase> <!-- testParameterWithXML -->
</testsuite> <!-- ChromeTest -->
