<?xml version="1.0" encoding="UTF-8"?>
<!-- Generated by org.testng.reporters.JUnitXMLReporter -->
<testsuite hostname="DELLDQRHWX1" name="IETest" tests="1" failures="1" timestamp="24 Oct 2016 14:42:53 GMT" time="72.738" errors="0">
  <testcase name="testParameterWithXML" time="51.889" classname="automationFramework.Apache_POI_TC">
    <failure type="org.openqa.selenium.StaleElementReferenceException" message="Element is no longer valid (WARNING: The server did not provide any stacktrace information)
Command duration or timeout: 1.33 seconds
For documentation on this error, please visit: http://seleniumhq.org/exceptions/stale_element_reference.html
Build info: version: &amp;apos;unknown&amp;apos;, revision: &amp;apos;3169782&amp;apos;, time: &amp;apos;2016-09-29 10:24:50 -0700&amp;apos;
System info: host: &amp;apos;DELLDQRHWX1&amp;apos;, ip: &amp;apos;192.168.10.215&amp;apos;, os.name: &amp;apos;Windows 10&amp;apos;, os.arch: &amp;apos;amd64&amp;apos;, os.version: &amp;apos;10.0&amp;apos;, java.version: &amp;apos;1.8.0_101&amp;apos;
Driver info: org.openqa.selenium.ie.InternetExplorerDriver
Capabilities [{browserAttachTimeout=0, enablePersistentHover=true, ie.forceCreateProcessApi=false, ie.usePerProcessProxy=false, ignoreZoomSetting=false, handlesAlerts=true, version=11, platform=WINDOWS, nativeEvents=true, ie.ensureCleanSession=false, elementScrollBehavior=0, ie.browserCommandLineSwitches=, requireWindowFocus=false, browserName=internet explorer, initialBrowserUrl=http://localhost:2989/, takesScreenshot=true, javascriptEnabled=true, ignoreProtectedModeSettings=false, enableElementCacheCleanup=true, cssSelectorsEnabled=true, unexpectedAlertBehaviour=dismiss}]
Session ID: b9b30d6f-42bb-4b93-83d7-e820712290d2">
      <![CDATA[org.openqa.selenium.StaleElementReferenceException: Element is no longer valid (WARNING: The server did not provide any stacktrace information)
Command duration or timeout: 1.33 seconds
For documentation on this error, please visit: http://seleniumhq.org/exceptions/stale_element_reference.html
Build info: version: 'unknown', revision: '3169782', time: '2016-09-29 10:24:50 -0700'
System info: host: 'DELLDQRHWX1', ip: '192.168.10.215', os.name: 'Windows 10', os.arch: 'amd64', os.version: '10.0', java.version: '1.8.0_101'
Driver info: org.openqa.selenium.ie.InternetExplorerDriver
Capabilities [{browserAttachTimeout=0, enablePersistentHover=true, ie.forceCreateProcessApi=false, ie.usePerProcessProxy=false, ignoreZoomSetting=false, handlesAlerts=true, version=11, platform=WINDOWS, nativeEvents=true, ie.ensureCleanSession=false, elementScrollBehavior=0, ie.browserCommandLineSwitches=, requireWindowFocus=false, browserName=internet explorer, initialBrowserUrl=http://localhost:2989/, takesScreenshot=true, javascriptEnabled=true, ignoreProtectedModeSettings=false, enableElementCacheCleanup=true, cssSelectorsEnabled=true, unexpectedAlertBehaviour=dismiss}]
Session ID: b9b30d6f-42bb-4b93-83d7-e820712290d2
	at org.openqa.selenium.remote.ErrorHandler.createThrowable(ErrorHandler.java:206)
	at org.openqa.selenium.remote.ErrorHandler.throwIfResponseFailed(ErrorHandler.java:158)
	at org.openqa.selenium.remote.RemoteWebDriver.execute(RemoteWebDriver.java:636)
	at org.openqa.selenium.remote.RemoteWebElement.execute(RemoteWebElement.java:284)
	at org.openqa.selenium.remote.RemoteWebElement.click(RemoteWebElement.java:84)
	at automationFramework.Apache_POI_TC.testParameterWithXML(Apache_POI_TC.java:106)
	at java.util.concurrent.FutureTask.run(FutureTask.java:266)
	at java.util.concurrent.ThreadPoolExecutor.runWorker(ThreadPoolExecutor.java:1142)
	at java.util.concurrent.ThreadPoolExecutor$Worker.run(ThreadPoolExecutor.java:617)
	at java.lang.Thread.run(Thread.java:745)
... Removed 20 stack frames]]>
    </failure>
  </testcase> <!-- testParameterWithXML -->
</testsuite> <!-- IETest -->
