<?xml version="1.0" encoding="UTF-8"?>
<testng-results skipped="0" failed="1" total="3" passed="2">
  <reporter-output>
  </reporter-output>
  <suite name="Suite" duration-ms="52384" started-at="2016-10-25T15:52:53Z" finished-at="2016-10-25T15:53:45Z">
    <groups>
    </groups>
    <test name="ChromeTest" duration-ms="44056" started-at="2016-10-25T15:52:53Z" finished-at="2016-10-25T15:53:37Z">
      <class name="automationFramework.Apache_POI_TC">
        <test-method status="PASS" signature="setUp(java.lang.String)[pri:0, instance:automationFramework.Apache_POI_TC@f6c48ac]" name="setUp" is-config="true" duration-ms="6997" started-at="2016-10-25T16:52:53Z" finished-at="2016-10-25T16:53:00Z">
          <params>
            <param index="0">
              <value>
                <![CDATA[chrome]]>
              </value>
            </param>
          </params>
          <reporter-output>
          </reporter-output>
        </test-method> <!-- setUp -->
        <test-method status="PASS" signature="testParameterWithXML()[pri:0, instance:automationFramework.Apache_POI_TC@f6c48ac]" name="testParameterWithXML" duration-ms="37047" started-at="2016-10-25T16:53:00Z" finished-at="2016-10-25T16:53:37Z">
          <reporter-output>
          </reporter-output>
        </test-method> <!-- testParameterWithXML -->
      </class> <!-- automationFramework.Apache_POI_TC -->
    </test> <!-- ChromeTest -->
    <test name="IETest" duration-ms="47725" started-at="2016-10-25T15:52:53Z" finished-at="2016-10-25T15:53:41Z">
      <class name="automationFramework.Apache_POI_TC">
        <test-method status="PASS" signature="setUp(java.lang.String)[pri:0, instance:automationFramework.Apache_POI_TC@6e06451e]" name="setUp" is-config="true" duration-ms="18223" started-at="2016-10-25T16:52:53Z" finished-at="2016-10-25T16:53:11Z">
          <params>
            <param index="0">
              <value>
                <![CDATA[ie]]>
              </value>
            </param>
          </params>
          <reporter-output>
          </reporter-output>
        </test-method> <!-- setUp -->
        <test-method status="FAIL" signature="testParameterWithXML()[pri:0, instance:automationFramework.Apache_POI_TC@6e06451e]" name="testParameterWithXML" duration-ms="29493" started-at="2016-10-25T16:53:11Z" finished-at="2016-10-25T16:53:41Z">
          <exception class="org.openqa.selenium.InvalidSelectorException">
            <message>
              <![CDATA[The xpath expression './/*[@id='account_logout']/a' cannot be evaluated or does notresult in a WebElement (WARNING: The server did not provide any stacktrace information)
Command duration or timeout: 7.27 seconds
For documentation on this error, please visit: http://seleniumhq.org/exceptions/invalid_selector_exception.html
Build info: version: '3.0.1', revision: '1969d75', time: '2016-10-18 09:49:13 -0700'
System info: host: 'DELLDQRHWX1', ip: '192.168.10.215', os.name: 'Windows 10', os.arch: 'amd64', os.version: '10.0', java.version: '1.8.0_101'
Driver info: org.openqa.selenium.ie.InternetExplorerDriver
Capabilities [{browserAttachTimeout=0, enablePersistentHover=true, ie.forceCreateProcessApi=false, ie.usePerProcessProxy=false, ignoreZoomSetting=false, handlesAlerts=true, version=11, platform=WINDOWS, nativeEvents=true, ie.ensureCleanSession=false, elementScrollBehavior=0, ie.browserCommandLineSwitches=, requireWindowFocus=false, browserName=internet explorer, initialBrowserUrl=http://localhost:8679/, takesScreenshot=true, javascriptEnabled=true, ignoreProtectedModeSettings=false, enableElementCacheCleanup=true, cssSelectorsEnabled=true, unexpectedAlertBehaviour=dismiss}]
Session ID: 36b465ce-feab-44c4-aef0-bb49d16bf4a8
*** Element info: {Using=xpath, value=.//*[@id='account_logout']/a}]]>
            </message>
            <full-stacktrace>
              <![CDATA[org.openqa.selenium.InvalidSelectorException: The xpath expression './/*[@id='account_logout']/a' cannot be evaluated or does notresult in a WebElement (WARNING: The server did not provide any stacktrace information)
Command duration or timeout: 7.27 seconds
For documentation on this error, please visit: http://seleniumhq.org/exceptions/invalid_selector_exception.html
Build info: version: '3.0.1', revision: '1969d75', time: '2016-10-18 09:49:13 -0700'
System info: host: 'DELLDQRHWX1', ip: '192.168.10.215', os.name: 'Windows 10', os.arch: 'amd64', os.version: '10.0', java.version: '1.8.0_101'
Driver info: org.openqa.selenium.ie.InternetExplorerDriver
Capabilities [{browserAttachTimeout=0, enablePersistentHover=true, ie.forceCreateProcessApi=false, ie.usePerProcessProxy=false, ignoreZoomSetting=false, handlesAlerts=true, version=11, platform=WINDOWS, nativeEvents=true, ie.ensureCleanSession=false, elementScrollBehavior=0, ie.browserCommandLineSwitches=, requireWindowFocus=false, browserName=internet explorer, initialBrowserUrl=http://localhost:8679/, takesScreenshot=true, javascriptEnabled=true, ignoreProtectedModeSettings=false, enableElementCacheCleanup=true, cssSelectorsEnabled=true, unexpectedAlertBehaviour=dismiss}]
Session ID: 36b465ce-feab-44c4-aef0-bb49d16bf4a8
*** Element info: {Using=xpath, value=.//*[@id='account_logout']/a}
	at sun.reflect.NativeConstructorAccessorImpl.newInstance0(Native Method)
	at sun.reflect.NativeConstructorAccessorImpl.newInstance(NativeConstructorAccessorImpl.java:62)
	at sun.reflect.DelegatingConstructorAccessorImpl.newInstance(DelegatingConstructorAccessorImpl.java:45)
	at java.lang.reflect.Constructor.newInstance(Constructor.java:423)
	at org.openqa.selenium.remote.ErrorHandler.createThrowable(ErrorHandler.java:216)
	at org.openqa.selenium.remote.ErrorHandler.throwIfResponseFailed(ErrorHandler.java:168)
	at org.openqa.selenium.remote.RemoteWebDriver.execute(RemoteWebDriver.java:635)
	at org.openqa.selenium.remote.RemoteWebDriver.findElement(RemoteWebDriver.java:368)
	at org.openqa.selenium.remote.RemoteWebDriver.findElementByXPath(RemoteWebDriver.java:473)
	at org.openqa.selenium.By$ByXPath.findElement(By.java:361)
	at org.openqa.selenium.remote.RemoteWebDriver.findElement(RemoteWebDriver.java:360)
	at pageObjects.Home_Page.lnk_LogOut(Home_Page.java:27)
	at automationFramework.Apache_POI_TC.testParameterWithXML(Apache_POI_TC.java:106)
	at sun.reflect.NativeMethodAccessorImpl.invoke0(Native Method)
	at sun.reflect.NativeMethodAccessorImpl.invoke(NativeMethodAccessorImpl.java:62)
	at sun.reflect.DelegatingMethodAccessorImpl.invoke(DelegatingMethodAccessorImpl.java:43)
	at java.lang.reflect.Method.invoke(Method.java:498)
	at org.testng.internal.MethodInvocationHelper.invokeMethod(MethodInvocationHelper.java:100)
	at org.testng.internal.Invoker.invokeMethod(Invoker.java:646)
	at org.testng.internal.Invoker.invokeTestMethod(Invoker.java:811)
	at org.testng.internal.Invoker.invokeTestMethods(Invoker.java:1137)
	at org.testng.internal.TestMethodWorker.invokeTestMethods(TestMethodWorker.java:129)
	at org.testng.internal.TestMethodWorker.run(TestMethodWorker.java:112)
	at org.testng.TestRunner.privateRun(TestRunner.java:753)
	at org.testng.TestRunner.run(TestRunner.java:607)
	at org.testng.SuiteRunner.runTest(SuiteRunner.java:368)
	at org.testng.SuiteRunner.access$000(SuiteRunner.java:39)
	at org.testng.SuiteRunner$SuiteWorker.run(SuiteRunner.java:402)
	at org.testng.internal.thread.ThreadUtil$2.call(ThreadUtil.java:64)
	at java.util.concurrent.FutureTask.run(FutureTask.java:266)
	at java.util.concurrent.ThreadPoolExecutor.runWorker(ThreadPoolExecutor.java:1142)
	at java.util.concurrent.ThreadPoolExecutor$Worker.run(ThreadPoolExecutor.java:617)
	at java.lang.Thread.run(Thread.java:745)
]]>
            </full-stacktrace>
          </exception> <!-- org.openqa.selenium.InvalidSelectorException -->
          <reporter-output>
          </reporter-output>
        </test-method> <!-- testParameterWithXML -->
      </class> <!-- automationFramework.Apache_POI_TC -->
    </test> <!-- IETest -->
    <test name="FireFoxTest" duration-ms="52384" started-at="2016-10-25T15:52:53Z" finished-at="2016-10-25T15:53:45Z">
      <class name="automationFramework.Apache_POI_TC">
        <test-method status="PASS" signature="setUp(java.lang.String)[pri:0, instance:automationFramework.Apache_POI_TC@31a5c39e]" name="setUp" is-config="true" duration-ms="32447" started-at="2016-10-25T16:52:53Z" finished-at="2016-10-25T16:53:25Z">
          <params>
            <param index="0">
              <value>
                <![CDATA[Firefox]]>
              </value>
            </param>
          </params>
          <reporter-output>
          </reporter-output>
        </test-method> <!-- setUp -->
        <test-method status="PASS" signature="testParameterWithXML()[pri:0, instance:automationFramework.Apache_POI_TC@31a5c39e]" name="testParameterWithXML" duration-ms="19932" started-at="2016-10-25T16:53:25Z" finished-at="2016-10-25T16:53:45Z">
          <reporter-output>
          </reporter-output>
        </test-method> <!-- testParameterWithXML -->
      </class> <!-- automationFramework.Apache_POI_TC -->
    </test> <!-- FireFoxTest -->
  </suite> <!-- Suite -->
</testng-results>
